<?xml version="1.0" encoding="utf-8"?><testsuites><testsuite name="pytest" errors="0" failures="0" skipped="0" tests="5" time="0.096" timestamp="2023-01-17T17:22:36.171289" hostname="WSNB-60003205"><testcase classname="tests.test_bytebank.TestClass" name="test_quando_data_nascimento_recebe_13_09_2000_idade_retorna_22" time="0.002" /><testcase classname="tests.test_bytebank.TestClass" name="test_quando_nome_recebe_lucas_carvalho_sobrenome_retorna_carvalho" time="0.001" /><testcase classname="tests.test_bytebank.TestClass" name="test_quando_decrescimo_salario_recebe_igual_ou_maior_a_100000_deve_retornar_90000" time="0.001" /><testcase classname="tests.test_bytebank.TestClass" name="test_quando_calcula_bonus_recebe_1000_deve_retornar_100" time="0.001" /><testcase classname="tests.test_bytebank.TestClass" name="test_quando_calcular_bonus_recebe_1000000000_deve_retornar_uma_exception" time="0.001" /></testsuite></testsuites>